<?xml version="1.0" encoding="UTF-8"?>
<testng-results skipped="1" failed="1" ignored="0" total="22" passed="20">
  <reporter-output>
  </reporter-output>
  <suite name="Suite" duration-ms="452389" started-at="2021-05-03T21:11:38Z" finished-at="2021-05-03T21:19:11Z">
    <groups>
    </groups>
    <test name="Test" duration-ms="452389" started-at="2021-05-03T21:11:38Z" finished-at="2021-05-03T21:19:11Z">
      <class name="com.crm.qa.testcases.HomePageTest">
        <test-method status="PASS" signature="setUp()[pri:0, instance:com.crm.qa.testcases.HomePageTest@6093dd95]" name="setUp" is-config="true" duration-ms="11764" started-at="2021-05-03T17:12:42Z" finished-at="2021-05-03T17:12:54Z">
          <reporter-output>
          </reporter-output>
        </test-method> <!-- setUp -->
        <test-method status="PASS" signature="validateHomePageTitle()[pri:1, instance:com.crm.qa.testcases.HomePageTest@6093dd95]" name="validateHomePageTitle" duration-ms="19" started-at="2021-05-03T17:12:54Z" finished-at="2021-05-03T17:12:54Z">
          <reporter-output>
          </reporter-output>
        </test-method> <!-- validateHomePageTitle -->
        <test-method status="PASS" signature="tearDown()[pri:0, instance:com.crm.qa.testcases.HomePageTest@6093dd95]" name="tearDown" is-config="true" duration-ms="3473" started-at="2021-05-03T17:12:54Z" finished-at="2021-05-03T17:12:57Z">
          <reporter-output>
          </reporter-output>
        </test-method> <!-- tearDown -->
        <test-method status="PASS" signature="setUp()[pri:0, instance:com.crm.qa.testcases.HomePageTest@6093dd95]" name="setUp" is-config="true" duration-ms="10421" started-at="2021-05-03T17:15:12Z" finished-at="2021-05-03T17:15:23Z">
          <reporter-output>
          </reporter-output>
        </test-method> <!-- setUp -->
        <test-method status="PASS" signature="YourLogoImageTest()[pri:2, instance:com.crm.qa.testcases.HomePageTest@6093dd95]" name="YourLogoImageTest" duration-ms="86" started-at="2021-05-03T17:15:23Z" finished-at="2021-05-03T17:15:23Z">
          <reporter-output>
          </reporter-output>
        </test-method> <!-- YourLogoImageTest -->
        <test-method status="PASS" signature="tearDown()[pri:0, instance:com.crm.qa.testcases.HomePageTest@6093dd95]" name="tearDown" is-config="true" duration-ms="4091" started-at="2021-05-03T17:15:23Z" finished-at="2021-05-03T17:15:27Z">
          <reporter-output>
          </reporter-output>
        </test-method> <!-- tearDown -->
      </class> <!-- com.crm.qa.testcases.HomePageTest -->
      <class name="com.crm.qa.testcases.RegisteredPageTest">
        <test-method status="PASS" signature="setUp()[pri:0, instance:com.crm.qa.testcases.RegisteredPageTest@7cd62f43]" name="setUp" is-config="true" duration-ms="20226" started-at="2021-05-03T17:12:03Z" finished-at="2021-05-03T17:12:23Z">
          <reporter-output>
          </reporter-output>
        </test-method> <!-- setUp -->
        <test-method status="PASS" signature="validateRegisteredPageTitle()[pri:1, instance:com.crm.qa.testcases.RegisteredPageTest@7cd62f43]" name="validateRegisteredPageTitle" duration-ms="12" started-at="2021-05-03T17:12:23Z" finished-at="2021-05-03T17:12:23Z">
          <reporter-output>
          </reporter-output>
        </test-method> <!-- validateRegisteredPageTitle -->
        <test-method status="PASS" signature="TearDown()[pri:0, instance:com.crm.qa.testcases.RegisteredPageTest@7cd62f43]" name="TearDown" is-config="true" duration-ms="3053" started-at="2021-05-03T17:12:23Z" finished-at="2021-05-03T17:12:26Z">
          <reporter-output>
          </reporter-output>
        </test-method> <!-- TearDown -->
        <test-method status="PASS" signature="setUp()[pri:0, instance:com.crm.qa.testcases.RegisteredPageTest@7cd62f43]" name="setUp" is-config="true" duration-ms="12779" started-at="2021-05-03T17:14:06Z" finished-at="2021-05-03T17:14:19Z">
          <reporter-output>
          </reporter-output>
        </test-method> <!-- setUp -->
        <test-method status="PASS" signature="LogoImageTest()[pri:2, instance:com.crm.qa.testcases.RegisteredPageTest@7cd62f43]" name="LogoImageTest" duration-ms="365" started-at="2021-05-03T17:14:19Z" finished-at="2021-05-03T17:14:19Z">
          <reporter-output>
          </reporter-output>
        </test-method> <!-- LogoImageTest -->
        <test-method status="PASS" signature="TearDown()[pri:0, instance:com.crm.qa.testcases.RegisteredPageTest@7cd62f43]" name="TearDown" is-config="true" duration-ms="2451" started-at="2021-05-03T17:14:19Z" finished-at="2021-05-03T17:14:22Z">
          <reporter-output>
          </reporter-output>
        </test-method> <!-- TearDown -->
        <test-method status="PASS" signature="setUp()[pri:0, instance:com.crm.qa.testcases.RegisteredPageTest@7cd62f43]" name="setUp" is-config="true" duration-ms="13894" started-at="2021-05-03T17:15:45Z" finished-at="2021-05-03T17:15:59Z">
          <reporter-output>
          </reporter-output>
        </test-method> <!-- setUp -->
        <test-method status="PASS" signature="RegisteredNameTest()[pri:3, instance:com.crm.qa.testcases.RegisteredPageTest@7cd62f43]" name="RegisteredNameTest" duration-ms="56" started-at="2021-05-03T17:15:59Z" finished-at="2021-05-03T17:15:59Z">
          <reporter-output>
          </reporter-output>
        </test-method> <!-- RegisteredNameTest -->
        <test-method status="PASS" signature="TearDown()[pri:0, instance:com.crm.qa.testcases.RegisteredPageTest@7cd62f43]" name="TearDown" is-config="true" duration-ms="2003" started-at="2021-05-03T17:15:59Z" finished-at="2021-05-03T17:16:01Z">
          <reporter-output>
          </reporter-output>
        </test-method> <!-- TearDown -->
        <test-method status="PASS" signature="setUp()[pri:0, instance:com.crm.qa.testcases.RegisteredPageTest@7cd62f43]" name="setUp" is-config="true" duration-ms="12847" started-at="2021-05-03T17:16:01Z" finished-at="2021-05-03T17:16:14Z">
          <reporter-output>
          </reporter-output>
        </test-method> <!-- setUp -->
        <test-method status="PASS" signature="verifyPersonalInfoTest()[pri:4, instance:com.crm.qa.testcases.RegisteredPageTest@7cd62f43]" name="verifyPersonalInfoTest" duration-ms="830" started-at="2021-05-03T17:16:14Z" finished-at="2021-05-03T17:16:15Z">
          <reporter-output>
          </reporter-output>
        </test-method> <!-- verifyPersonalInfoTest -->
        <test-method status="PASS" signature="TearDown()[pri:0, instance:com.crm.qa.testcases.RegisteredPageTest@7cd62f43]" name="TearDown" is-config="true" duration-ms="2425" started-at="2021-05-03T17:16:15Z" finished-at="2021-05-03T17:16:17Z">
          <reporter-output>
          </reporter-output>
        </test-method> <!-- TearDown -->
        <test-method status="PASS" signature="setUp()[pri:0, instance:com.crm.qa.testcases.RegisteredPageTest@7cd62f43]" name="setUp" is-config="true" duration-ms="12489" started-at="2021-05-03T17:16:17Z" finished-at="2021-05-03T17:16:30Z">
          <reporter-output>
          </reporter-output>
        </test-method> <!-- setUp -->
        <test-method status="PASS" signature="verifymyAddressTest()[pri:5, instance:com.crm.qa.testcases.RegisteredPageTest@7cd62f43]" name="verifymyAddressTest" duration-ms="858" started-at="2021-05-03T17:16:30Z" finished-at="2021-05-03T17:16:31Z">
          <reporter-output>
          </reporter-output>
        </test-method> <!-- verifymyAddressTest -->
        <test-method status="PASS" signature="TearDown()[pri:0, instance:com.crm.qa.testcases.RegisteredPageTest@7cd62f43]" name="TearDown" is-config="true" duration-ms="2186" started-at="2021-05-03T17:16:31Z" finished-at="2021-05-03T17:16:33Z">
          <reporter-output>
          </reporter-output>
        </test-method> <!-- TearDown -->
        <test-method status="PASS" signature="setUp()[pri:0, instance:com.crm.qa.testcases.RegisteredPageTest@7cd62f43]" name="setUp" is-config="true" duration-ms="12031" started-at="2021-05-03T17:16:33Z" finished-at="2021-05-03T17:16:45Z">
          <reporter-output>
          </reporter-output>
        </test-method> <!-- setUp -->
        <test-method status="PASS" signature="verifycreditSlipsTest()[pri:6, instance:com.crm.qa.testcases.RegisteredPageTest@7cd62f43]" name="verifycreditSlipsTest" duration-ms="754" started-at="2021-05-03T17:16:45Z" finished-at="2021-05-03T17:16:46Z">
          <reporter-output>
          </reporter-output>
        </test-method> <!-- verifycreditSlipsTest -->
        <test-method status="PASS" signature="TearDown()[pri:0, instance:com.crm.qa.testcases.RegisteredPageTest@7cd62f43]" name="TearDown" is-config="true" duration-ms="3190" started-at="2021-05-03T17:16:46Z" finished-at="2021-05-03T17:16:49Z">
          <reporter-output>
          </reporter-output>
        </test-method> <!-- TearDown -->
        <test-method status="PASS" signature="setUp()[pri:0, instance:com.crm.qa.testcases.RegisteredPageTest@7cd62f43]" name="setUp" is-config="true" duration-ms="13360" started-at="2021-05-03T17:16:49Z" finished-at="2021-05-03T17:17:02Z">
          <reporter-output>
          </reporter-output>
        </test-method> <!-- setUp -->
        <test-method status="PASS" signature="verifyOrderHistoryTest()[pri:7, instance:com.crm.qa.testcases.RegisteredPageTest@7cd62f43]" name="verifyOrderHistoryTest" duration-ms="2213" started-at="2021-05-03T17:17:02Z" finished-at="2021-05-03T17:17:04Z">
          <reporter-output>
          </reporter-output>
        </test-method> <!-- verifyOrderHistoryTest -->
        <test-method status="PASS" signature="TearDown()[pri:0, instance:com.crm.qa.testcases.RegisteredPageTest@7cd62f43]" name="TearDown" is-config="true" duration-ms="3073" started-at="2021-05-03T17:17:04Z" finished-at="2021-05-03T17:17:08Z">
          <reporter-output>
          </reporter-output>
        </test-method> <!-- TearDown -->
        <test-method status="PASS" signature="setUp()[pri:0, instance:com.crm.qa.testcases.RegisteredPageTest@7cd62f43]" name="setUp" is-config="true" duration-ms="13554" started-at="2021-05-03T17:17:08Z" finished-at="2021-05-03T17:17:21Z">
          <reporter-output>
          </reporter-output>
        </test-method> <!-- setUp -->
        <test-method status="PASS" signature="verifyWishlistTest()[pri:8, instance:com.crm.qa.testcases.RegisteredPageTest@7cd62f43]" name="verifyWishlistTest" duration-ms="905" started-at="2021-05-03T17:17:21Z" finished-at="2021-05-03T17:17:22Z">
          <reporter-output>
          </reporter-output>
        </test-method> <!-- verifyWishlistTest -->
        <test-method status="PASS" signature="TearDown()[pri:0, instance:com.crm.qa.testcases.RegisteredPageTest@7cd62f43]" name="TearDown" is-config="true" duration-ms="2562" started-at="2021-05-03T17:17:22Z" finished-at="2021-05-03T17:17:25Z">
          <reporter-output>
          </reporter-output>
        </test-method> <!-- TearDown -->
        <test-method status="PASS" signature="setUp()[pri:0, instance:com.crm.qa.testcases.RegisteredPageTest@7cd62f43]" name="setUp" is-config="true" duration-ms="12029" started-at="2021-05-03T17:17:25Z" finished-at="2021-05-03T17:17:37Z">
          <reporter-output>
          </reporter-output>
        </test-method> <!-- setUp -->
        <test-method status="PASS" signature="verifyhomeButtonTest()[pri:9, instance:com.crm.qa.testcases.RegisteredPageTest@7cd62f43]" name="verifyhomeButtonTest" duration-ms="1866" started-at="2021-05-03T17:17:37Z" finished-at="2021-05-03T17:17:38Z">
          <reporter-output>
          </reporter-output>
        </test-method> <!-- verifyhomeButtonTest -->
        <test-method status="PASS" signature="TearDown()[pri:0, instance:com.crm.qa.testcases.RegisteredPageTest@7cd62f43]" name="TearDown" is-config="true" duration-ms="2365" started-at="2021-05-03T17:17:38Z" finished-at="2021-05-03T17:17:41Z">
          <reporter-output>
          </reporter-output>
        </test-method> <!-- TearDown -->
        <test-method status="PASS" signature="setUp()[pri:0, instance:com.crm.qa.testcases.RegisteredPageTest@7cd62f43]" name="setUp" is-config="true" duration-ms="15229" started-at="2021-05-03T17:17:41Z" finished-at="2021-05-03T17:17:56Z">
          <reporter-output>
          </reporter-output>
        </test-method> <!-- setUp -->
        <test-method status="PASS" signature="verifylogoutButtonTest()[pri:9, instance:com.crm.qa.testcases.RegisteredPageTest@7cd62f43]" name="verifylogoutButtonTest" duration-ms="2600" started-at="2021-05-03T17:17:56Z" finished-at="2021-05-03T17:17:59Z">
          <reporter-output>
          </reporter-output>
        </test-method> <!-- verifylogoutButtonTest -->
        <test-method status="PASS" signature="TearDown()[pri:0, instance:com.crm.qa.testcases.RegisteredPageTest@7cd62f43]" name="TearDown" is-config="true" duration-ms="2775" started-at="2021-05-03T17:17:59Z" finished-at="2021-05-03T17:18:01Z">
          <reporter-output>
          </reporter-output>
        </test-method> <!-- TearDown -->
        <test-method status="PASS" signature="setUp()[pri:0, instance:com.crm.qa.testcases.RegisteredPageTest@7cd62f43]" name="setUp" is-config="true" duration-ms="13960" started-at="2021-05-03T17:18:01Z" finished-at="2021-05-03T17:18:15Z">
          <reporter-output>
          </reporter-output>
        </test-method> <!-- setUp -->
        <test-method status="FAIL" signature="TshirtButtonTest()[pri:10, instance:com.crm.qa.testcases.RegisteredPageTest@7cd62f43]" name="TshirtButtonTest" duration-ms="30048" started-at="2021-05-03T17:18:15Z" finished-at="2021-05-03T17:18:45Z">
          <exception class="org.openqa.selenium.NoSuchElementException">
            <message>
              <![CDATA[Unable to locate element: //li[@class='sfHover']//a[@class='sf-with-ul'][contains(text(),'Dresses')]
For documentation on this error, please visit: http://seleniumhq.org/exceptions/no_such_element.html
Build info: version: '3.14.0', revision: 'aacccce0', time: '2018-08-02T20:19:58.91Z'
System info: host: 'DESKTOP-RU11HV8', ip: '192.168.0.49', os.name: 'Windows 10', os.arch: 'amd64', os.version: '10.0', java.version: '1.8.0_161'
Driver info: org.openqa.selenium.firefox.FirefoxDriver
Capabilities {acceptInsecureCerts: true, browserName: firefox, browserVersion: 88.0, javascriptEnabled: true, moz:accessibilityChecks: false, moz:buildID: 20210415204500, moz:geckodriverVersion: 0.27.0, moz:headless: false, moz:processID: 11208, moz:profile: C:\Users\love brar\AppData\..., moz:shutdownTimeout: 60000, moz:useNonSpecCompliantPointerOrigin: false, moz:webdriverClick: true, pageLoadStrategy: normal, platform: WINDOWS, platformName: WINDOWS, platformVersion: 10.0, rotatable: false, setWindowRect: true, strictFileInteractability: false, timeouts: {implicit: 0, pageLoad: 300000, script: 30000}, unhandledPromptBehavior: dismiss and notify}
Session ID: 0538b3ca-93c1-4ba0-919a-191afd0ed13d
*** Element info: {Using=xpath, value=//li[@class='sfHover']//a[@class='sf-with-ul'][contains(text(),'Dresses')]}]]>
            </message>
            <full-stacktrace>
              <![CDATA[org.openqa.selenium.NoSuchElementException: Unable to locate element: //li[@class='sfHover']//a[@class='sf-with-ul'][contains(text(),'Dresses')]
For documentation on this error, please visit: http://seleniumhq.org/exceptions/no_such_element.html
Build info: version: '3.14.0', revision: 'aacccce0', time: '2018-08-02T20:19:58.91Z'
System info: host: 'DESKTOP-RU11HV8', ip: '192.168.0.49', os.name: 'Windows 10', os.arch: 'amd64', os.version: '10.0', java.version: '1.8.0_161'
Driver info: org.openqa.selenium.firefox.FirefoxDriver
Capabilities {acceptInsecureCerts: true, browserName: firefox, browserVersion: 88.0, javascriptEnabled: true, moz:accessibilityChecks: false, moz:buildID: 20210415204500, moz:geckodriverVersion: 0.27.0, moz:headless: false, moz:processID: 11208, moz:profile: C:\Users\love brar\AppData\..., moz:shutdownTimeout: 60000, moz:useNonSpecCompliantPointerOrigin: false, moz:webdriverClick: true, pageLoadStrategy: normal, platform: WINDOWS, platformName: WINDOWS, platformVersion: 10.0, rotatable: false, setWindowRect: true, strictFileInteractability: false, timeouts: {implicit: 0, pageLoad: 300000, script: 30000}, unhandledPromptBehavior: dismiss and notify}
Session ID: 0538b3ca-93c1-4ba0-919a-191afd0ed13d
*** Element info: {Using=xpath, value=//li[@class='sfHover']//a[@class='sf-with-ul'][contains(text(),'Dresses')]}
	at sun.reflect.NativeConstructorAccessorImpl.newInstance0(Native Method)
	at sun.reflect.NativeConstructorAccessorImpl.newInstance(Unknown Source)
	at sun.reflect.DelegatingConstructorAccessorImpl.newInstance(Unknown Source)
	at java.lang.reflect.Constructor.newInstance(Unknown Source)
	at org.openqa.selenium.remote.http.W3CHttpResponseCodec.createException(W3CHttpResponseCodec.java:187)
	at org.openqa.selenium.remote.http.W3CHttpResponseCodec.decode(W3CHttpResponseCodec.java:122)
	at org.openqa.selenium.remote.http.W3CHttpResponseCodec.decode(W3CHttpResponseCodec.java:49)
	at org.openqa.selenium.remote.HttpCommandExecutor.execute(HttpCommandExecutor.java:158)
	at org.openqa.selenium.remote.service.DriverCommandExecutor.execute(DriverCommandExecutor.java:83)
	at org.openqa.selenium.remote.RemoteWebDriver.execute(RemoteWebDriver.java:548)
	at org.openqa.selenium.remote.RemoteWebDriver.findElement(RemoteWebDriver.java:322)
	at org.openqa.selenium.remote.RemoteWebDriver.findElementByXPath(RemoteWebDriver.java:424)
	at org.openqa.selenium.By$ByXPath.findElement(By.java:353)
	at org.openqa.selenium.remote.RemoteWebDriver.findElement(RemoteWebDriver.java:314)
	at sun.reflect.GeneratedMethodAccessor5.invoke(Unknown Source)
	at sun.reflect.DelegatingMethodAccessorImpl.invoke(Unknown Source)
	at java.lang.reflect.Method.invoke(Unknown Source)
	at org.openqa.selenium.support.events.EventFiringWebDriver.lambda$new$1(EventFiringWebDriver.java:105)
	at com.sun.proxy.$Proxy8.findElement(Unknown Source)
	at org.openqa.selenium.support.events.EventFiringWebDriver.findElement(EventFiringWebDriver.java:194)
	at org.openqa.selenium.support.pagefactory.DefaultElementLocator.findElement(DefaultElementLocator.java:69)
	at org.openqa.selenium.support.pagefactory.internal.LocatingElementHandler.invoke(LocatingElementHandler.java:38)
	at com.sun.proxy.$Proxy12.isDisplayed(Unknown Source)
	at com.crm.qa.pages.RegisteredPage.tShirt(RegisteredPage.java:140)
	at com.crm.qa.testcases.RegisteredPageTest.TshirtButtonTest(RegisteredPageTest.java:95)
	at sun.reflect.NativeMethodAccessorImpl.invoke0(Native Method)
	at sun.reflect.NativeMethodAccessorImpl.invoke(Unknown Source)
	at sun.reflect.DelegatingMethodAccessorImpl.invoke(Unknown Source)
	at java.lang.reflect.Method.invoke(Unknown Source)
	at org.testng.internal.MethodInvocationHelper.invokeMethod(MethodInvocationHelper.java:108)
	at org.testng.internal.Invoker.invokeMethod(Invoker.java:661)
	at org.testng.internal.Invoker.invokeTestMethod(Invoker.java:869)
	at org.testng.internal.Invoker.invokeTestMethods(Invoker.java:1193)
	at org.testng.internal.TestMethodWorker.invokeTestMethods(TestMethodWorker.java:126)
	at org.testng.internal.TestMethodWorker.run(TestMethodWorker.java:109)
	at org.testng.TestRunner.privateRun(TestRunner.java:744)
	at org.testng.TestRunner.run(TestRunner.java:602)
	at org.testng.SuiteRunner.runTest(SuiteRunner.java:380)
	at org.testng.SuiteRunner.runSequentially(SuiteRunner.java:375)
	at org.testng.SuiteRunner.privateRun(SuiteRunner.java:340)
	at org.testng.SuiteRunner.run(SuiteRunner.java:289)
	at org.testng.SuiteRunnerWorker.runSuite(SuiteRunnerWorker.java:52)
	at org.testng.SuiteRunnerWorker.run(SuiteRunnerWorker.java:86)
	at org.testng.TestNG.runSuitesSequentially(TestNG.java:1301)
	at org.testng.TestNG.runSuitesLocally(TestNG.java:1226)
	at org.testng.TestNG.runSuites(TestNG.java:1144)
	at org.testng.TestNG.run(TestNG.java:1115)
	at org.testng.remote.AbstractRemoteTestNG.run(AbstractRemoteTestNG.java:132)
	at org.testng.remote.RemoteTestNG.initAndRun(RemoteTestNG.java:230)
	at org.testng.remote.RemoteTestNG.main(RemoteTestNG.java:76)
]]>
            </full-stacktrace>
          </exception> <!-- org.openqa.selenium.NoSuchElementException -->
          <reporter-output>
          </reporter-output>
        </test-method> <!-- TshirtButtonTest -->
        <test-method status="PASS" signature="TearDown()[pri:0, instance:com.crm.qa.testcases.RegisteredPageTest@7cd62f43]" name="TearDown" is-config="true" duration-ms="2602" started-at="2021-05-03T17:18:45Z" finished-at="2021-05-03T17:18:48Z">
          <reporter-output>
          </reporter-output>
        </test-method> <!-- TearDown -->
        <test-method status="FAIL" signature="setUp()[pri:0, instance:com.crm.qa.testcases.RegisteredPageTest@7cd62f43]" name="setUp" is-config="true" duration-ms="22800" started-at="2021-05-03T17:18:48Z" finished-at="2021-05-03T17:19:11Z">
          <exception class="org.openqa.selenium.TimeoutException">
            <message>
              <![CDATA[TimedPromise timed out after 10000 ms
Build info: version: '3.14.0', revision: 'aacccce0', time: '2018-08-02T20:19:58.91Z'
System info: host: 'DESKTOP-RU11HV8', ip: '192.168.0.49', os.name: 'Windows 10', os.arch: 'amd64', os.version: '10.0', java.version: '1.8.0_161'
Driver info: org.openqa.selenium.firefox.FirefoxDriver
Capabilities {acceptInsecureCerts: true, browserName: firefox, browserVersion: 88.0, javascriptEnabled: true, moz:accessibilityChecks: false, moz:buildID: 20210415204500, moz:geckodriverVersion: 0.27.0, moz:headless: false, moz:processID: 13628, moz:profile: C:\Users\love brar\AppData\..., moz:shutdownTimeout: 60000, moz:useNonSpecCompliantPointerOrigin: false, moz:webdriverClick: true, pageLoadStrategy: normal, platform: WINDOWS, platformName: WINDOWS, platformVersion: 10.0, rotatable: false, setWindowRect: true, strictFileInteractability: false, timeouts: {implicit: 0, pageLoad: 300000, script: 30000}, unhandledPromptBehavior: dismiss and notify}
Session ID: 2ffe1304-d1c3-4ffb-8dcd-d05696f2b0f5]]>
            </message>
            <full-stacktrace>
              <![CDATA[org.openqa.selenium.TimeoutException: TimedPromise timed out after 10000 ms
Build info: version: '3.14.0', revision: 'aacccce0', time: '2018-08-02T20:19:58.91Z'
System info: host: 'DESKTOP-RU11HV8', ip: '192.168.0.49', os.name: 'Windows 10', os.arch: 'amd64', os.version: '10.0', java.version: '1.8.0_161'
Driver info: org.openqa.selenium.firefox.FirefoxDriver
Capabilities {acceptInsecureCerts: true, browserName: firefox, browserVersion: 88.0, javascriptEnabled: true, moz:accessibilityChecks: false, moz:buildID: 20210415204500, moz:geckodriverVersion: 0.27.0, moz:headless: false, moz:processID: 13628, moz:profile: C:\Users\love brar\AppData\..., moz:shutdownTimeout: 60000, moz:useNonSpecCompliantPointerOrigin: false, moz:webdriverClick: true, pageLoadStrategy: normal, platform: WINDOWS, platformName: WINDOWS, platformVersion: 10.0, rotatable: false, setWindowRect: true, strictFileInteractability: false, timeouts: {implicit: 0, pageLoad: 300000, script: 30000}, unhandledPromptBehavior: dismiss and notify}
Session ID: 2ffe1304-d1c3-4ffb-8dcd-d05696f2b0f5
	at sun.reflect.NativeConstructorAccessorImpl.newInstance0(Native Method)
	at sun.reflect.NativeConstructorAccessorImpl.newInstance(Unknown Source)
	at sun.reflect.DelegatingConstructorAccessorImpl.newInstance(Unknown Source)
	at java.lang.reflect.Constructor.newInstance(Unknown Source)
	at org.openqa.selenium.remote.http.W3CHttpResponseCodec.createException(W3CHttpResponseCodec.java:187)
	at org.openqa.selenium.remote.http.W3CHttpResponseCodec.decode(W3CHttpResponseCodec.java:122)
	at org.openqa.selenium.remote.http.W3CHttpResponseCodec.decode(W3CHttpResponseCodec.java:49)
	at org.openqa.selenium.remote.HttpCommandExecutor.execute(HttpCommandExecutor.java:158)
	at org.openqa.selenium.remote.service.DriverCommandExecutor.execute(DriverCommandExecutor.java:83)
	at org.openqa.selenium.remote.RemoteWebDriver.execute(RemoteWebDriver.java:548)
	at org.openqa.selenium.remote.RemoteWebElement.execute(RemoteWebElement.java:276)
	at org.openqa.selenium.remote.RemoteWebElement.click(RemoteWebElement.java:83)
	at sun.reflect.GeneratedMethodAccessor2.invoke(Unknown Source)
	at sun.reflect.DelegatingMethodAccessorImpl.invoke(Unknown Source)
	at java.lang.reflect.Method.invoke(Unknown Source)
	at org.openqa.selenium.support.events.EventFiringWebDriver$EventFiringWebElement.lambda$new$0(EventFiringWebDriver.java:403)
	at com.sun.proxy.$Proxy13.click(Unknown Source)
	at org.openqa.selenium.support.events.EventFiringWebDriver$EventFiringWebElement.click(EventFiringWebDriver.java:416)
	at sun.reflect.GeneratedMethodAccessor2.invoke(Unknown Source)
	at sun.reflect.DelegatingMethodAccessorImpl.invoke(Unknown Source)
	at java.lang.reflect.Method.invoke(Unknown Source)
	at org.openqa.selenium.support.pagefactory.internal.LocatingElementHandler.invoke(LocatingElementHandler.java:51)
	at com.sun.proxy.$Proxy12.click(Unknown Source)
	at com.crm.qa.pages.HomePage.clickonSigninLink(HomePage.java:43)
	at com.crm.qa.testcases.RegisteredPageTest.setUp(RegisteredPageTest.java:31)
	at sun.reflect.NativeMethodAccessorImpl.invoke0(Native Method)
	at sun.reflect.NativeMethodAccessorImpl.invoke(Unknown Source)
	at sun.reflect.DelegatingMethodAccessorImpl.invoke(Unknown Source)
	at java.lang.reflect.Method.invoke(Unknown Source)
	at org.testng.internal.MethodInvocationHelper.invokeMethod(MethodInvocationHelper.java:108)
	at org.testng.internal.Invoker.invokeConfigurationMethod(Invoker.java:523)
	at org.testng.internal.Invoker.invokeConfigurations(Invoker.java:224)
	at org.testng.internal.Invoker.invokeMethod(Invoker.java:599)
	at org.testng.internal.Invoker.invokeTestMethod(Invoker.java:869)
	at org.testng.internal.Invoker.invokeTestMethods(Invoker.java:1193)
	at org.testng.internal.TestMethodWorker.invokeTestMethods(TestMethodWorker.java:126)
	at org.testng.internal.TestMethodWorker.run(TestMethodWorker.java:109)
	at org.testng.TestRunner.privateRun(TestRunner.java:744)
	at org.testng.TestRunner.run(TestRunner.java:602)
	at org.testng.SuiteRunner.runTest(SuiteRunner.java:380)
	at org.testng.SuiteRunner.runSequentially(SuiteRunner.java:375)
	at org.testng.SuiteRunner.privateRun(SuiteRunner.java:340)
	at org.testng.SuiteRunner.run(SuiteRunner.java:289)
	at org.testng.SuiteRunnerWorker.runSuite(SuiteRunnerWorker.java:52)
	at org.testng.SuiteRunnerWorker.run(SuiteRunnerWorker.java:86)
	at org.testng.TestNG.runSuitesSequentially(TestNG.java:1301)
	at org.testng.TestNG.runSuitesLocally(TestNG.java:1226)
	at org.testng.TestNG.runSuites(TestNG.java:1144)
	at org.testng.TestNG.run(TestNG.java:1115)
	at org.testng.remote.AbstractRemoteTestNG.run(AbstractRemoteTestNG.java:132)
	at org.testng.remote.RemoteTestNG.initAndRun(RemoteTestNG.java:230)
	at org.testng.remote.RemoteTestNG.main(RemoteTestNG.java:76)
]]>
            </full-stacktrace>
          </exception> <!-- org.openqa.selenium.TimeoutException -->
          <reporter-output>
          </reporter-output>
        </test-method> <!-- setUp -->
        <test-method status="SKIP" signature="WomenButtonTest()[pri:11, instance:com.crm.qa.testcases.RegisteredPageTest@7cd62f43]" name="WomenButtonTest" duration-ms="0" started-at="2021-05-03T17:19:11Z" finished-at="2021-05-03T17:19:11Z">
          <exception class="org.openqa.selenium.TimeoutException">
            <message>
              <![CDATA[TimedPromise timed out after 10000 ms
Build info: version: '3.14.0', revision: 'aacccce0', time: '2018-08-02T20:19:58.91Z'
System info: host: 'DESKTOP-RU11HV8', ip: '192.168.0.49', os.name: 'Windows 10', os.arch: 'amd64', os.version: '10.0', java.version: '1.8.0_161'
Driver info: org.openqa.selenium.firefox.FirefoxDriver
Capabilities {acceptInsecureCerts: true, browserName: firefox, browserVersion: 88.0, javascriptEnabled: true, moz:accessibilityChecks: false, moz:buildID: 20210415204500, moz:geckodriverVersion: 0.27.0, moz:headless: false, moz:processID: 13628, moz:profile: C:\Users\love brar\AppData\..., moz:shutdownTimeout: 60000, moz:useNonSpecCompliantPointerOrigin: false, moz:webdriverClick: true, pageLoadStrategy: normal, platform: WINDOWS, platformName: WINDOWS, platformVersion: 10.0, rotatable: false, setWindowRect: true, strictFileInteractability: false, timeouts: {implicit: 0, pageLoad: 300000, script: 30000}, unhandledPromptBehavior: dismiss and notify}
Session ID: 2ffe1304-d1c3-4ffb-8dcd-d05696f2b0f5]]>
            </message>
            <full-stacktrace>
              <![CDATA[org.openqa.selenium.TimeoutException: TimedPromise timed out after 10000 ms
Build info: version: '3.14.0', revision: 'aacccce0', time: '2018-08-02T20:19:58.91Z'
System info: host: 'DESKTOP-RU11HV8', ip: '192.168.0.49', os.name: 'Windows 10', os.arch: 'amd64', os.version: '10.0', java.version: '1.8.0_161'
Driver info: org.openqa.selenium.firefox.FirefoxDriver
Capabilities {acceptInsecureCerts: true, browserName: firefox, browserVersion: 88.0, javascriptEnabled: true, moz:accessibilityChecks: false, moz:buildID: 20210415204500, moz:geckodriverVersion: 0.27.0, moz:headless: false, moz:processID: 13628, moz:profile: C:\Users\love brar\AppData\..., moz:shutdownTimeout: 60000, moz:useNonSpecCompliantPointerOrigin: false, moz:webdriverClick: true, pageLoadStrategy: normal, platform: WINDOWS, platformName: WINDOWS, platformVersion: 10.0, rotatable: false, setWindowRect: true, strictFileInteractability: false, timeouts: {implicit: 0, pageLoad: 300000, script: 30000}, unhandledPromptBehavior: dismiss and notify}
Session ID: 2ffe1304-d1c3-4ffb-8dcd-d05696f2b0f5
	at sun.reflect.NativeConstructorAccessorImpl.newInstance0(Native Method)
	at sun.reflect.NativeConstructorAccessorImpl.newInstance(Unknown Source)
	at sun.reflect.DelegatingConstructorAccessorImpl.newInstance(Unknown Source)
	at java.lang.reflect.Constructor.newInstance(Unknown Source)
	at org.openqa.selenium.remote.http.W3CHttpResponseCodec.createException(W3CHttpResponseCodec.java:187)
	at org.openqa.selenium.remote.http.W3CHttpResponseCodec.decode(W3CHttpResponseCodec.java:122)
	at org.openqa.selenium.remote.http.W3CHttpResponseCodec.decode(W3CHttpResponseCodec.java:49)
	at org.openqa.selenium.remote.HttpCommandExecutor.execute(HttpCommandExecutor.java:158)
	at org.openqa.selenium.remote.service.DriverCommandExecutor.execute(DriverCommandExecutor.java:83)
	at org.openqa.selenium.remote.RemoteWebDriver.execute(RemoteWebDriver.java:548)
	at org.openqa.selenium.remote.RemoteWebElement.execute(RemoteWebElement.java:276)
	at org.openqa.selenium.remote.RemoteWebElement.click(RemoteWebElement.java:83)
	at sun.reflect.GeneratedMethodAccessor2.invoke(Unknown Source)
	at sun.reflect.DelegatingMethodAccessorImpl.invoke(Unknown Source)
	at java.lang.reflect.Method.invoke(Unknown Source)
	at org.openqa.selenium.support.events.EventFiringWebDriver$EventFiringWebElement.lambda$new$0(EventFiringWebDriver.java:403)
	at com.sun.proxy.$Proxy13.click(Unknown Source)
	at org.openqa.selenium.support.events.EventFiringWebDriver$EventFiringWebElement.click(EventFiringWebDriver.java:416)
	at sun.reflect.GeneratedMethodAccessor2.invoke(Unknown Source)
	at sun.reflect.DelegatingMethodAccessorImpl.invoke(Unknown Source)
	at java.lang.reflect.Method.invoke(Unknown Source)
	at org.openqa.selenium.support.pagefactory.internal.LocatingElementHandler.invoke(LocatingElementHandler.java:51)
	at com.sun.proxy.$Proxy12.click(Unknown Source)
	at com.crm.qa.pages.HomePage.clickonSigninLink(HomePage.java:43)
	at com.crm.qa.testcases.RegisteredPageTest.setUp(RegisteredPageTest.java:31)
	at sun.reflect.NativeMethodAccessorImpl.invoke0(Native Method)
	at sun.reflect.NativeMethodAccessorImpl.invoke(Unknown Source)
	at sun.reflect.DelegatingMethodAccessorImpl.invoke(Unknown Source)
	at java.lang.reflect.Method.invoke(Unknown Source)
	at org.testng.internal.MethodInvocationHelper.invokeMethod(MethodInvocationHelper.java:108)
	at org.testng.internal.Invoker.invokeConfigurationMethod(Invoker.java:523)
	at org.testng.internal.Invoker.invokeConfigurations(Invoker.java:224)
	at org.testng.internal.Invoker.invokeMethod(Invoker.java:599)
	at org.testng.internal.Invoker.invokeTestMethod(Invoker.java:869)
	at org.testng.internal.Invoker.invokeTestMethods(Invoker.java:1193)
	at org.testng.internal.TestMethodWorker.invokeTestMethods(TestMethodWorker.java:126)
	at org.testng.internal.TestMethodWorker.run(TestMethodWorker.java:109)
	at org.testng.TestRunner.privateRun(TestRunner.java:744)
	at org.testng.TestRunner.run(TestRunner.java:602)
	at org.testng.SuiteRunner.runTest(SuiteRunner.java:380)
	at org.testng.SuiteRunner.runSequentially(SuiteRunner.java:375)
	at org.testng.SuiteRunner.privateRun(SuiteRunner.java:340)
	at org.testng.SuiteRunner.run(SuiteRunner.java:289)
	at org.testng.SuiteRunnerWorker.runSuite(SuiteRunnerWorker.java:52)
	at org.testng.SuiteRunnerWorker.run(SuiteRunnerWorker.java:86)
	at org.testng.TestNG.runSuitesSequentially(TestNG.java:1301)
	at org.testng.TestNG.runSuitesLocally(TestNG.java:1226)
	at org.testng.TestNG.runSuites(TestNG.java:1144)
	at org.testng.TestNG.run(TestNG.java:1115)
	at org.testng.remote.AbstractRemoteTestNG.run(AbstractRemoteTestNG.java:132)
	at org.testng.remote.RemoteTestNG.initAndRun(RemoteTestNG.java:230)
	at org.testng.remote.RemoteTestNG.main(RemoteTestNG.java:76)
]]>
            </full-stacktrace>
          </exception> <!-- org.openqa.selenium.TimeoutException -->
          <reporter-output>
          </reporter-output>
        </test-method> <!-- WomenButtonTest -->
      </class> <!-- com.crm.qa.testcases.RegisteredPageTest -->
      <class name="com.crm.qa.testcases.LoginPageTest">
        <test-method status="PASS" signature="setUp()[pri:0, instance:com.crm.qa.testcases.LoginPageTest@6a41eaa2]" name="setUp" is-config="true" duration-ms="19697" started-at="2021-05-03T17:11:39Z" finished-at="2021-05-03T17:11:58Z">
          <reporter-output>
          </reporter-output>
        </test-method> <!-- setUp -->
        <test-method status="PASS" signature="validateLoginPageTitle()[pri:1, instance:com.crm.qa.testcases.LoginPageTest@6a41eaa2]" name="validateLoginPageTitle" duration-ms="1124" started-at="2021-05-03T17:11:58Z" finished-at="2021-05-03T17:11:59Z">
          <reporter-output>
          </reporter-output>
        </test-method> <!-- validateLoginPageTitle -->
        <test-method status="PASS" signature="TearDown()[pri:0, instance:com.crm.qa.testcases.LoginPageTest@6a41eaa2]" name="TearDown" is-config="true" duration-ms="3547" started-at="2021-05-03T17:11:59Z" finished-at="2021-05-03T17:12:03Z">
          <reporter-output>
          </reporter-output>
        </test-method> <!-- TearDown -->
        <test-method status="PASS" signature="setUp()[pri:0, instance:com.crm.qa.testcases.LoginPageTest@6a41eaa2]" name="setUp" is-config="true" duration-ms="11606" started-at="2021-05-03T17:13:01Z" finished-at="2021-05-03T17:13:12Z">
          <reporter-output>
          </reporter-output>
        </test-method> <!-- setUp -->
        <test-method status="PASS" signature="validateCreateAccount(java.lang.String)[pri:2, instance:com.crm.qa.testcases.LoginPageTest@6a41eaa2]" name="validateCreateAccount" duration-ms="1903" started-at="2021-05-03T17:13:12Z" data-provider="getMyStoreTestData" finished-at="2021-05-03T17:13:14Z">
          <params>
            <param index="0">
              <value>
                <![CDATA[xyz123456@gmail.com]]>
              </value>
            </param>
          </params>
          <reporter-output>
          </reporter-output>
        </test-method> <!-- validateCreateAccount -->
        <test-method status="PASS" signature="TearDown()[pri:0, instance:com.crm.qa.testcases.LoginPageTest@6a41eaa2]" name="TearDown" is-config="true" duration-ms="2618" started-at="2021-05-03T17:13:14Z" finished-at="2021-05-03T17:13:17Z">
          <reporter-output>
          </reporter-output>
        </test-method> <!-- TearDown -->
        <test-method status="PASS" signature="setUp()[pri:0, instance:com.crm.qa.testcases.LoginPageTest@6a41eaa2]" name="setUp" is-config="true" duration-ms="11588" started-at="2021-05-03T17:13:17Z" finished-at="2021-05-03T17:13:28Z">
          <reporter-output>
          </reporter-output>
        </test-method> <!-- setUp -->
        <test-method status="PASS" signature="validateCreateAccount(java.lang.String)[pri:2, instance:com.crm.qa.testcases.LoginPageTest@6a41eaa2]" name="validateCreateAccount" duration-ms="1950" started-at="2021-05-03T17:13:28Z" data-provider="getMyStoreTestData" finished-at="2021-05-03T17:13:30Z">
          <params>
            <param index="0">
              <value>
                <![CDATA[12345.0]]>
              </value>
            </param>
          </params>
          <reporter-output>
          </reporter-output>
        </test-method> <!-- validateCreateAccount -->
        <test-method status="PASS" signature="TearDown()[pri:0, instance:com.crm.qa.testcases.LoginPageTest@6a41eaa2]" name="TearDown" is-config="true" duration-ms="2252" started-at="2021-05-03T17:13:30Z" finished-at="2021-05-03T17:13:33Z">
          <reporter-output>
          </reporter-output>
        </test-method> <!-- TearDown -->
        <test-method status="PASS" signature="setUp()[pri:0, instance:com.crm.qa.testcases.LoginPageTest@6a41eaa2]" name="setUp" is-config="true" duration-ms="12785" started-at="2021-05-03T17:13:33Z" finished-at="2021-05-03T17:13:45Z">
          <reporter-output>
          </reporter-output>
        </test-method> <!-- setUp -->
        <test-method status="PASS" signature="validateCreateAccount(java.lang.String)[pri:2, instance:com.crm.qa.testcases.LoginPageTest@6a41eaa2]" name="validateCreateAccount" duration-ms="2668" started-at="2021-05-03T17:13:45Z" data-provider="getMyStoreTestData" finished-at="2021-05-03T17:13:48Z">
          <params>
            <param index="0">
              <value>
                <![CDATA[abcd]]>
              </value>
            </param>
          </params>
          <reporter-output>
          </reporter-output>
        </test-method> <!-- validateCreateAccount -->
        <test-method status="PASS" signature="TearDown()[pri:0, instance:com.crm.qa.testcases.LoginPageTest@6a41eaa2]" name="TearDown" is-config="true" duration-ms="2580" started-at="2021-05-03T17:13:48Z" finished-at="2021-05-03T17:13:51Z">
          <reporter-output>
          </reporter-output>
        </test-method> <!-- TearDown -->
        <test-method status="PASS" signature="setUp()[pri:0, instance:com.crm.qa.testcases.LoginPageTest@6a41eaa2]" name="setUp" is-config="true" duration-ms="11457" started-at="2021-05-03T17:13:51Z" finished-at="2021-05-03T17:14:02Z">
          <reporter-output>
          </reporter-output>
        </test-method> <!-- setUp -->
        <test-method status="PASS" signature="validateCreateAccount(java.lang.String)[pri:2, instance:com.crm.qa.testcases.LoginPageTest@6a41eaa2]" name="validateCreateAccount" duration-ms="1420" started-at="2021-05-03T17:14:02Z" data-provider="getMyStoreTestData" finished-at="2021-05-03T17:14:03Z">
          <params>
            <param index="0">
              <value>
                <![CDATA[abcd12345@yahoo.com]]>
              </value>
            </param>
          </params>
          <reporter-output>
          </reporter-output>
        </test-method> <!-- validateCreateAccount -->
        <test-method status="PASS" signature="TearDown()[pri:0, instance:com.crm.qa.testcases.LoginPageTest@6a41eaa2]" name="TearDown" is-config="true" duration-ms="2742" started-at="2021-05-03T17:14:03Z" finished-at="2021-05-03T17:14:06Z">
          <reporter-output>
          </reporter-output>
        </test-method> <!-- TearDown -->
        <test-method status="PASS" signature="setUp()[pri:0, instance:com.crm.qa.testcases.LoginPageTest@6a41eaa2]" name="setUp" is-config="true" duration-ms="12413" started-at="2021-05-03T17:15:27Z" finished-at="2021-05-03T17:15:39Z">
          <reporter-output>
          </reporter-output>
        </test-method> <!-- setUp -->
        <test-method status="PASS" signature="validateRegisteredPage()[pri:3, instance:com.crm.qa.testcases.LoginPageTest@6a41eaa2]" name="validateRegisteredPage" duration-ms="3072" started-at="2021-05-03T17:15:39Z" finished-at="2021-05-03T17:15:42Z">
          <reporter-output>
          </reporter-output>
        </test-method> <!-- validateRegisteredPage -->
        <test-method status="PASS" signature="TearDown()[pri:0, instance:com.crm.qa.testcases.LoginPageTest@6a41eaa2]" name="TearDown" is-config="true" duration-ms="3081" started-at="2021-05-03T17:15:42Z" finished-at="2021-05-03T17:15:45Z">
          <reporter-output>
          </reporter-output>
        </test-method> <!-- TearDown -->
      </class> <!-- com.crm.qa.testcases.LoginPageTest -->
      <class name="com.crm.qa.testcases.CreateAccountTest">
        <test-method status="PASS" signature="setUp()[pri:0, instance:com.crm.qa.testcases.CreateAccountTest@6d4b1c02]" name="setUp" is-config="true" duration-ms="12685" started-at="2021-05-03T17:12:26Z" finished-at="2021-05-03T17:12:39Z">
          <reporter-output>
          </reporter-output>
        </test-method> <!-- setUp -->
        <test-method status="PASS" signature="validateCreateAccountPageTitle()[pri:1, instance:com.crm.qa.testcases.CreateAccountTest@6d4b1c02]" name="validateCreateAccountPageTitle" duration-ms="8" started-at="2021-05-03T17:12:39Z" finished-at="2021-05-03T17:12:39Z">
          <reporter-output>
          </reporter-output>
        </test-method> <!-- validateCreateAccountPageTitle -->
        <test-method status="PASS" signature="TearDown()[pri:0, instance:com.crm.qa.testcases.CreateAccountTest@6d4b1c02]" name="TearDown" is-config="true" duration-ms="3240" started-at="2021-05-03T17:12:39Z" finished-at="2021-05-03T17:12:42Z">
          <reporter-output>
          </reporter-output>
        </test-method> <!-- TearDown -->
        <test-method status="PASS" signature="setUp()[pri:0, instance:com.crm.qa.testcases.CreateAccountTest@6d4b1c02]" name="setUp" is-config="true" duration-ms="12696" started-at="2021-05-03T17:14:22Z" finished-at="2021-05-03T17:14:35Z">
          <reporter-output>
          </reporter-output>
        </test-method> <!-- setUp -->
        <test-method status="PASS" signature="createNewContactTest(java.lang.String, java.lang.String, java.lang.String, java.lang.String, java.lang.String, java.lang.String, java.lang.String, java.lang.String)[pri:2, instance:com.crm.qa.testcases.CreateAccountTest@6d4b1c02]" name="createNewContactTest" duration-ms="34727" started-at="2021-05-03T17:14:35Z" data-provider="getMyStoreTestData" finished-at="2021-05-03T17:15:09Z">
          <params>
            <param index="0">
              <value>
                <![CDATA[james]]>
              </value>
            </param>
            <param index="1">
              <value>
                <![CDATA[snow]]>
              </value>
            </param>
            <param index="2">
              <value>
                <![CDATA[Abcd123#]]>
              </value>
            </param>
            <param index="3">
              <value>
                <![CDATA[amazon]]>
              </value>
            </param>
            <param index="4">
              <value>
                <![CDATA[634 huron street]]>
              </value>
            </param>
            <param index="5">
              <value>
                <![CDATA[atlanta]]>
              </value>
            </param>
            <param index="6">
              <value>
                <![CDATA[10023.0]]>
              </value>
            </param>
            <param index="7">
              <value>
                <![CDATA[6.47877985E9]]>
              </value>
            </param>
          </params>
          <reporter-output>
          </reporter-output>
        </test-method> <!-- createNewContactTest -->
        <test-method status="PASS" signature="TearDown()[pri:0, instance:com.crm.qa.testcases.CreateAccountTest@6d4b1c02]" name="TearDown" is-config="true" duration-ms="2885" started-at="2021-05-03T17:15:09Z" finished-at="2021-05-03T17:15:12Z">
          <reporter-output>
          </reporter-output>
        </test-method> <!-- TearDown -->
      </class> <!-- com.crm.qa.testcases.CreateAccountTest -->
    </test> <!-- Test -->
  </suite> <!-- Suite -->
</testng-results>
